# JRE version: OpenJDK Runtime Environment (8.0_202-b03) (build 1.8.0_202-release-1483-b03)
# Java VM: OpenJDK 64-Bit Server VM (25.202-b03 mixed mode windows-amd64 compressed oops)
Heap:
 PSYoungGen      total 455680K, used 390019K [0x00000000e0000000, 0x0000000100000000, 0x0000000100000000)
  eden space 429056K, 90% used [0x00000000e0000000,0x00000000f7ce0db8,0x00000000fa300000)
  from space 26624K, 0% used [0x00000000fe200000,0x00000000fe200000,0x00000000ffc00000)
  to   space 47616K, 0% used [0x00000000fa300000,0x00000000fa300000,0x00000000fd180000)
 ParOldGen       total 314368K, used 147131K [0x00000000a0000000, 0x00000000b3300000, 0x00000000e0000000)
  object space 314368K, 46% used [0x00000000a0000000,0x00000000a8faec50,0x00000000b3300000)
 Metaspace       used 108858K, capacity 114050K, committed 114304K, reserved 1148928K
  class space    used 13648K, capacity 14622K, committed 14720K, reserved 1048576K
GC Heap History (10 events):
Event: 8785.381 GC heap before
{Heap before GC invocations=51 (full 4):
 PSYoungGen      total 489984K, used 473668K [0x00000000e0000000, 0x00000000ffe80000, 0x0000000100000000)
  eden space 458752K, 100% used [0x00000000e0000000,0x00000000fc000000,0x00000000fc000000)
  from space 31232K, 47% used [0x00000000fde80000,0x00000000fed11360,0x00000000ffd00000)
  to   space 31232K, 0% used [0x00000000fc000000,0x00000000fc000000,0x00000000fde80000)
 ParOldGen       total 188928K, used 131063K [0x00000000a0000000, 0x00000000ab880000, 0x00000000e0000000)
  object space 188928K, 69% used [0x00000000a0000000,0x00000000a7ffdf38,0x00000000ab880000)
 Metaspace       used 106047K, capacity 110930K, committed 111104K, reserved 1146880K
  class space    used 13288K, capacity 14232K, committed 14336K, reserved 1048576K
Event: 8785.428 GC heap after
Heap after GC invocations=51 (full 4):
 PSYoungGen      total 489984K, used 8750K [0x00000000e0000000, 0x00000000ffc00000, 0x0000000100000000)
  eden space 458752K, 0% used [0x00000000e0000000,0x00000000e0000000,0x00000000fc000000)
  from space 31232K, 28% used [0x00000000fc000000,0x00000000fc88b980,0x00000000fde80000)
  to   space 29184K, 0% used [0x00000000fdf80000,0x00000000fdf80000,0x00000000ffc00000)
 ParOldGen       total 188928K, used 144257K [0x00000000a0000000, 0x00000000ab880000, 0x00000000e0000000)
  object space 188928K, 76% used [0x00000000a0000000,0x00000000a8ce0448,0x00000000ab880000)
 Metaspace       used 106047K, capacity 110930K, committed 111104K, reserved 1146880K
  class space    used 13288K, capacity 14232K, committed 14336K, reserved 1048576K
}
Event: 8786.287 GC heap before
{Heap before GC invocations=52 (full 4):
 PSYoungGen      total 489984K, used 467502K [0x00000000e0000000, 0x00000000ffc00000, 0x0000000100000000)
  eden space 458752K, 100% used [0x00000000e0000000,0x00000000fc000000,0x00000000fc000000)
  from space 31232K, 28% used [0x00000000fc000000,0x00000000fc88b980,0x00000000fde80000)
  to   space 29184K, 0% used [0x00000000fdf80000,0x00000000fdf80000,0x00000000ffc00000)
 ParOldGen       total 188928K, used 144257K [0x00000000a0000000, 0x00000000ab880000, 0x00000000e0000000)
  object space 188928K, 76% used [0x00000000a0000000,0x00000000a8ce0448,0x00000000ab880000)
 Metaspace       used 106059K, capacity 110934K, committed 111104K, reserved 1146880K
  class space    used 13288K, capacity 14232K, committed 14336K, reserved 1048576K
Event: 8786.328 GC heap after
Heap after GC invocations=52 (full 4):
 PSYoungGen      total 492032K, used 6160K [0x00000000e0000000, 0x00000000ffc00000, 0x0000000100000000)
  eden space 462848K, 0% used [0x00000000e0000000,0x00000000e0000000,0x00000000fc400000)
  from space 29184K, 21% used [0x00000000fdf80000,0x00000000fe584030,0x00000000ffc00000)
  to   space 28160K, 0% used [0x00000000fc400000,0x00000000fc400000,0x00000000fdf80000)
 ParOldGen       total 188928K, used 151478K [0x00000000a0000000, 0x00000000ab880000, 0x00000000e0000000)
  object space 188928K, 80% used [0x00000000a0000000,0x00000000a93ed9c0,0x00000000ab880000)
 Metaspace       used 106059K, capacity 110934K, committed 111104K, reserved 1146880K
  class space    used 13288K, capacity 14232K, committed 14336K, reserved 1048576K
}
Event: 8800.769 GC heap before
{Heap before GC invocations=53 (full 4):
 PSYoungGen      total 492032K, used 469008K [0x00000000e0000000, 0x00000000ffc00000, 0x0000000100000000)
  eden space 462848K, 100% used [0x00000000e0000000,0x00000000fc400000,0x00000000fc400000)
  from space 29184K, 21% used [0x00000000fdf80000,0x00000000fe584030,0x00000000ffc00000)
  to   space 28160K, 0% used [0x00000000fc400000,0x00000000fc400000,0x00000000fdf80000)
 ParOldGen       total 188928K, used 151478K [0x00000000a0000000, 0x00000000ab880000, 0x00000000e0000000)
  object space 188928K, 80% used [0x00000000a0000000,0x00000000a93ed9c0,0x00000000ab880000)
 Metaspace       used 106257K, capacity 111142K, committed 111488K, reserved 1146880K
  class space    used 13321K, capacity 14288K, committed 14464K, reserved 1048576K
Event: 8801.205 GC heap after
Heap after GC invocations=53 (full 4):
 PSYoungGen      total 491008K, used 10727K [0x00000000e0000000, 0x00000000ffc00000, 0x0000000100000000)
  eden space 462848K, 0% used [0x00000000e0000000,0x00000000e0000000,0x00000000fc400000)
  from space 28160K, 38% used [0x00000000fc400000,0x00000000fce79cf0,0x00000000fdf80000)
  to   space 26624K, 0% used [0x00000000fe200000,0x00000000fe200000,0x00000000ffc00000)
 ParOldGen       total 188928K, used 156058K [0x00000000a0000000, 0x00000000ab880000, 0x00000000e0000000)
  object space 188928K, 82% used [0x00000000a0000000,0x00000000a9866a10,0x00000000ab880000)
 Metaspace       used 106257K, capacity 111142K, committed 111488K, reserved 1146880K
  class space    used 13321K, capacity 14288K, committed 14464K, reserved 1048576K
}
Event: 8820.503 GC heap before
{Heap before GC invocations=54 (full 4):
 PSYoungGen      total 491008K, used 473575K [0x00000000e0000000, 0x00000000ffc00000, 0x0000000100000000)
  eden space 462848K, 100% used [0x00000000e0000000,0x00000000fc400000,0x00000000fc400000)
  from space 28160K, 38% used [0x00000000fc400000,0x00000000fce79cf0,0x00000000fdf80000)
  to   space 26624K, 0% used [0x00000000fe200000,0x00000000fe200000,0x00000000ffc00000)
 ParOldGen       total 188928K, used 156058K [0x00000000a0000000, 0x00000000ab880000, 0x00000000e0000000)
  object space 188928K, 82% used [0x00000000a0000000,0x00000000a9866a10,0x00000000ab880000)
 Metaspace       used 107141K, capacity 112226K, committed 112512K, reserved 1146880K
  class space    used 13408K, capacity 14360K, committed 14464K, reserved 1048576K
Event: 8820.863 GC heap after
Heap after GC invocations=54 (full 4):
 PSYoungGen      total 455680K, used 26592K [0x00000000e0000000, 0x0000000100000000, 0x0000000100000000)
  eden space 429056K, 0% used [0x00000000e0000000,0x00000000e0000000,0x00000000fa300000)
  from space 26624K, 99% used [0x00000000fe200000,0x00000000ffbf8090,0x00000000ffc00000)
  to   space 47616K, 0% used [0x00000000fa300000,0x00000000fa300000,0x00000000fd180000)
 ParOldGen       total 200704K, used 200666K [0x00000000a0000000, 0x00000000ac400000, 0x00000000e0000000)
  object space 200704K, 99% used [0x00000000a0000000,0x00000000ac3f6a00,0x00000000ac400000)
 Metaspace       used 107141K, capacity 112226K, committed 112512K, reserved 1146880K
  class space    used 13408K, capacity 14360K, committed 14464K, reserved 1048576K
}
Event: 8820.883 GC heap before
{Heap before GC invocations=55 (full 5):
 PSYoungGen      total 455680K, used 26592K [0x00000000e0000000, 0x0000000100000000, 0x0000000100000000)
  eden space 429056K, 0% used [0x00000000e0000000,0x00000000e0000000,0x00000000fa300000)
  from space 26624K, 99% used [0x00000000fe200000,0x00000000ffbf8090,0x00000000ffc00000)
  to   space 47616K, 0% used [0x00000000fa300000,0x00000000fa300000,0x00000000fd180000)
 ParOldGen       total 200704K, used 200666K [0x00000000a0000000, 0x00000000ac400000, 0x00000000e0000000)
  object space 200704K, 99% used [0x00000000a0000000,0x00000000ac3f6a00,0x00000000ac400000)
 Metaspace       used 107141K, capacity 112226K, committed 112512K, reserved 1146880K
  class space    used 13408K, capacity 14360K, committed 14464K, reserved 1048576K
Event: 8844.752 GC heap after
Heap after GC invocations=55 (full 5):
 PSYoungGen      total 455680K, used 0K [0x00000000e0000000, 0x0000000100000000, 0x0000000100000000)
  eden space 429056K, 0% used [0x00000000e0000000,0x00000000e0000000,0x00000000fa300000)
  from space 26624K, 0% used [0x00000000fe200000,0x00000000fe200000,0x00000000ffc00000)
  to   space 47616K, 0% used [0x00000000fa300000,0x00000000fa300000,0x00000000fd180000)
 ParOldGen       total 314368K, used 147131K [0x00000000a0000000, 0x00000000b3300000, 0x00000000e0000000)
  object space 314368K, 46% used [0x00000000a0000000,0x00000000a8faec50,0x00000000b3300000)
 Metaspace       used 107017K, capacity 111924K, committed 112512K, reserved 1146880K
  class space    used 13364K, capacity 14283K, committed 14464K, reserved 1048576K
}

